This is a test project
[==========] Running 3 tests from 3 test cases.
[----------] Global test environment set-up.
[----------] 1 test from FooTest
[ RUN      ] FooTest.HandleNoneZeroInput
g:\microsoft vs code\code\consoleapplication4\consoleapplication4\test.cpp(46): error: Expected equality of these values:
  1.02944
  Foo(2)
    Which is: 1.02944
g:\microsoft vs code\code\consoleapplication4\consoleapplication4\test.cpp(47): error: Expected equality of these values:
  1.05887
  Foo(3)
    Which is: 1.05887
g:\microsoft vs code\code\consoleapplication4\consoleapplication4\test.cpp(48): error: Expected equality of these values:
  1.12511
  Foo(6)
    Which is: 1.12511
g:\microsoft vs code\code\consoleapplication4\consoleapplication4\test.cpp(49): error: Expected equality of these values:
  1.12774
  Foo(7)
    Which is: 1.12774
[  FAILED  ] FooTest.HandleNoneZeroInput (3 ms)
[----------] 1 test from FooTest (3 ms total)

[----------] 1 test from AddTest
[ RUN      ] AddTest.HanleNoneZeroInput
[       OK ] AddTest.HanleNoneZeroInput (0 ms)
[----------] 1 test from AddTest (3 ms total)

[----------] 1 test from IsEvenNum
[ RUN      ] IsEvenNum.HandleNoneZeroInput
[       OK ] IsEvenNum.HandleNoneZeroInput (0 ms)
[----------] 1 test from IsEvenNum (2 ms total)

[----------] Global test environment tear-down
[==========] 3 tests from 3 test cases ran. (17 ms total)
[  PASSED  ] 2 tests.
[  FAILED  ] 1 test, listed below:
[  FAILED  ] FooTest.HandleNoneZeroInput

 1 FAILED TEST
